Change Component Designator: Old Designator=C100 New Designator=C101
Change Component Designator: Old Designator=C101 New Designator=C102
Change Component Designator: Old Designator=C102 New Designator=C103
Change Component Designator: Old Designator=C103 New Designator=C104
Change Component Designator: Old Designator=C104 New Designator=C105
Change Component Designator: Old Designator=C105 New Designator=C106
Change Component Designator: Old Designator=C106 New Designator=C107
Change Component Designator: Old Designator=C107 New Designator=C108
Change Component Designator: Old Designator=C108 New Designator=C109
Change Component Designator: Old Designator=C109 New Designator=C110
Change Component Designator: Old Designator=C110 New Designator=C100
Change Component Designator: Old Designator=D100 New Designator=D101
Change Component Designator: Old Designator=D101 New Designator=D100
Change Component Designator: Old Designator=JIN New Designator=JIN100
Change Component Designator: Old Designator=JOUT New Designator=JOUT100
Change Component Designator: Old Designator=JPROG New Designator=JPROG100
Change Component Designator: Old Designator=R108 New Designator=R109
Change Component Designator: Old Designator=R109 New Designator=R108
Change Component Designator: Old Designator=R111 New Designator=R119
Change Component Designator: Old Designator=R112 New Designator=R120
Change Component Designator: Old Designator=R113 New Designator=R121
Change Component Designator: Old Designator=R114 New Designator=R122
Change Component Designator: Old Designator=R115 New Designator=R116
Change Component Designator: Old Designator=R116 New Designator=R111
Change Component Designator: Old Designator=R117 New Designator=R112
Change Component Designator: Old Designator=R117 New Designator=R123
Change Component Designator: Old Designator=R118 New Designator=R113
Change Component Designator: Old Designator=R119 New Designator=R114
Change Component Designator: Old Designator=R120 New Designator=R115
Change Component Designator: Old Designator=R121 New Designator=R117
Change Component Designator: Old Designator=R122 New Designator=R118
Change Component Designator: Old Designator=R123 New Designator=R124
Change Component Designator: Old Designator=R124 New Designator=R125
Change Component Designator: Old Designator=R125 New Designator=R126
