Removed Pin From Net: NetName=VPOS Pin=C110-2
Removed Pin From Net: NetName=VPOS Pin=D101-1
Removed Pin From Net: NetName=VPOS Pin=jOUT-7
Removed Pin From Net: NetName=VPOS Pin=JPROG-1
Removed Pin From Net: NetName=BAL Pin=M100-1
Removed Pin From Net: NetName=VPOS Pin=R100-2
Removed Pin From Net: NetName=VPOS Pin=R101-1
Removed Pin From Net: NetName=VPOS Pin=R102-2
Removed Pin From Net: NetName=VPOS Pin=R103-1
Removed Pin From Net: NetName=VPOS Pin=R108-1
Removed Pin From Net: NetName=TSNS1 Pin=R108-2
Removed Pin From Net: NetName=TSNS1 Pin=R109-2
Removed Pin From Net: NetName=VPOS Pin=R110-2
Removed Pin From Net: NetName=VPOS Pin=R111-1
Removed Pin From Net: NetName=TSNS2 Pin=R111-2
Removed Pin From Net: NetName=VPOS Pin=R112-1
Removed Pin From Net: NetName=TSNS3 Pin=R112-2
Removed Pin From Net: NetName=VPOS Pin=R113-1
Removed Pin From Net: NetName=TSNS4 Pin=R113-2
Removed Pin From Net: NetName=VPOS Pin=R114-1
Removed Pin From Net: NetName=TSNS5 Pin=R114-2
Removed Pin From Net: NetName=TSNS2 Pin=R117-2
Removed Pin From Net: NetName=TSNS3 Pin=R118-2
Removed Pin From Net: NetName=TSNS4 Pin=R119-2
Removed Pin From Net: NetName=TSNS5 Pin=R120-2
Removed Pin From Net: NetName=NetM100_2 Pin=R122-1
Removed Pin From Net: NetName=VPOS Pin=R123-2
Removed Pin From Net: NetName=BAL Pin=R125-2
Removed Pin From Net: NetName=VPOS Pin=U100-1
Change Component Designator: OldDesignator=C100 NewDesignator=C101
Change Component Designator: OldDesignator=C101 NewDesignator=C102
Change Component Designator: OldDesignator=C102 NewDesignator=C103
Change Component Designator: OldDesignator=C103 NewDesignator=C104
Change Component Designator: OldDesignator=C104 NewDesignator=C105
Change Component Designator: OldDesignator=C105 NewDesignator=C106
Change Component Designator: OldDesignator=C106 NewDesignator=C107
Change Component Designator: OldDesignator=C107 NewDesignator=C108
Change Component Designator: OldDesignator=C108 NewDesignator=C109
Change Component Designator: OldDesignator=C109 NewDesignator=C110
Change Component Designator: OldDesignator=C110 NewDesignator=C100
Change Component Designator: OldDesignator=D100 NewDesignator=D101
Change Component Designator: OldDesignator=D101 NewDesignator=D100
Change Component Designator: OldDesignator=jIN NewDesignator=JIN100
Change Component Designator: OldDesignator=jOUT NewDesignator=JOUT100
Change Component Designator: OldDesignator=JPROG NewDesignator=JPROG100
Change Component Designator: OldDesignator=R108 NewDesignator=R109
Change Component Designator: OldDesignator=R109 NewDesignator=R108
Change Component Designator: OldDesignator=R111 NewDesignator=R119
Change Component Designator: OldDesignator=R112 NewDesignator=R120
Change Component Designator: OldDesignator=R113 NewDesignator=R121
Change Component Designator: OldDesignator=R114 NewDesignator=R122
Change Component Designator: OldDesignator=R115 NewDesignator=R116
Change Component Designator: OldDesignator=R116 NewDesignator=R111
Change Component Designator: OldDesignator=R117 NewDesignator=R112
Change Component Designator: OldDesignator=R118 NewDesignator=R113
Change Component Designator: OldDesignator=R119 NewDesignator=R114
Change Component Designator: OldDesignator=R120 NewDesignator=R115
Change Component Designator: OldDesignator=R121 NewDesignator=R117
Change Component Designator: OldDesignator=R122 NewDesignator=R118
Change Component Designator: OldDesignator=R123 NewDesignator=R125
Change Component Designator: OldDesignator=R124 NewDesignator=R126
Change Component Designator: OldDesignator=R125 NewDesignator=R127
Added Component: Designator=R123(RESC6432N)
Add component. Clean all parameters for all variants
Add component (AddParameter): Name = "Category"; Value = "R"; VariantName = "[No Variations]"
Add component (AddParameter): Name = "Rated"; Value = "3W"; VariantName = "[No Variations]"
Add component (AddParameter): Name = "Supplier 1"; Value = "Digi-Key"; VariantName = "[No Variations]"
Add component (AddParameter): Name = "Supplier Part Number 1"; Value = "A121177CT-ND"; VariantName = "[No Variations]"
Add component (AddParameter): Name = "Tol"; Value = "5%"; VariantName = "[No Variations]"
Add component (AddParameter): Name = "Value"; Value = "1"; VariantName = "[No Variations]"
Added Component: Designator=R124(RESC2012N)
Add component. Clean all parameters for all variants
Add component (AddParameter): Name = "Category"; Value = "R"; VariantName = "[No Variations]"
Add component (AddParameter): Name = "Rated"; Value = "1/8W"; VariantName = "[No Variations]"
Add component (AddParameter): Name = "Supplier 1"; Value = "Digi-Key"; VariantName = "[No Variations]"
Add component (AddParameter): Name = "Supplier Part Number 1"; Value = "P10.0CCT-ND"; VariantName = "[No Variations]"
Add component (AddParameter): Name = "Tol"; Value = "1%"; VariantName = "[No Variations]"
Add component (AddParameter): Name = "Value"; Value = "10"; VariantName = "[No Variations]"
Added Pin To Net: NetName=VPOS Pin=C100-1
Added Pin To Net: NetName=VPOS Pin=C105-2
Added Pin To Net: NetName=VPOS Pin=C106-2
Added Pin To Net: NetName=VPOS Pin=C107-2
Added Pin To Net: NetName=VPOS Pin=C108-2
Added Pin To Net: NetName=VPOS Pin=C109-2
Added Pin To Net: NetName=VPOS Pin=C110-2
Added Pin To Net: NetName=VPOS Pin=JIN100-1
Added Pin To Net: NetName=VPOS Pin=JPROG100-5
Added Pin To Net: NetName=VPOS Pin=M100-3
Added Pin To Net: NetName=TSNS1 Pin=R108-1
Added Pin To Net: NetName=TSNS1 Pin=R109-1
Added Pin To Net: NetName=VPOS Pin=R109-2
Added Pin To Net: NetName=TSNS2 Pin=R112-1
Added Pin To Net: NetName=TSNS3 Pin=R113-1
Added Pin To Net: NetName=TSNS4 Pin=R114-1
Added Pin To Net: NetName=TSNS5 Pin=R115-1
Added Pin To Net: NetName=VPOS Pin=R116-1
Added Pin To Net: NetName=TSNS2 Pin=R119-1
Added Pin To Net: NetName=VPOS Pin=R119-2
Added Pin To Net: NetName=TSNS3 Pin=R120-1
Added Pin To Net: NetName=VPOS Pin=R120-2
Added Pin To Net: NetName=TSNS4 Pin=R121-1
Added Pin To Net: NetName=VPOS Pin=R121-2
Added Pin To Net: NetName=TSNS5 Pin=R122-1
Added Pin To Net: NetName=VPOS Pin=R122-2
Added Pin To Net: NetName=NetM100_2 Pin=R123-1
Added Pin To Net: NetName=BAL Pin=R124-2
Added Pin To Net: NetName=VPOS Pin=R126-1
Added Pin To Net: NetName=VPOS Pin=R127-1
Added Pin To Net: NetName=VPOS Pin=U100-20
Change Net Name : Old Net Name=NetD100_2 New Net Name=NetD101_2
Change Net Name : Old Net Name=NetD101_2 New Net Name=NetD100_2
Change Net Name : Old Net Name=NetR116_1 New Net Name=NetR111_1
Change Net Name : Old Net Name=VPOS New Net Name=VNEG
Added Pin To Net: NetName=Gate Pin=M100-1
Added Pin To Net: NetName=Gate Pin=R124-1
Added Pin To Net: NetName=Gate Pin=R127-2
Added Net: Name=Gate
Added Pin To Net: NetName=NetR118_1 Pin=R118-1
Added Pin To Net: NetName=NetR118_1 Pin=R123-2
Added Net: Name=NetR118_1
Added Pin To Net: NetName=VPOS Pin=C100-2
Added Pin To Net: NetName=VPOS Pin=D100-1
Added Pin To Net: NetName=VPOS Pin=JOUT100-7
Added Pin To Net: NetName=VPOS Pin=JPROG100-1
Added Pin To Net: NetName=VPOS Pin=R100-2
Added Pin To Net: NetName=VPOS Pin=R101-1
Added Pin To Net: NetName=VPOS Pin=R102-2
Added Pin To Net: NetName=VPOS Pin=R103-1
Added Pin To Net: NetName=VPOS Pin=R108-2
Added Pin To Net: NetName=VPOS Pin=R110-2
Added Pin To Net: NetName=VPOS Pin=R112-2
Added Pin To Net: NetName=VPOS Pin=R113-2
Added Pin To Net: NetName=VPOS Pin=R114-2
Added Pin To Net: NetName=VPOS Pin=R115-2
Added Pin To Net: NetName=VPOS Pin=R125-2
Added Pin To Net: NetName=VPOS Pin=U100-1
Added Net: Name=VPOS
Added Member To Class: ClassName=Pg1 Microcontroller Member=Component R126 ERJ-6ENF1004V
Added Member To Class: ClassName=Pg1 Microcontroller Member=Component R127 ERJ-6ENF1002V
