Change Component Designator: Old Designator=C? New Designator=C200
Change Component Designator: Old Designator=C? New Designator=C201
Change Component Designator: Old Designator=C? New Designator=C202
Change Component Designator: Old Designator=C? New Designator=C203
Change Component Designator: Old Designator=C? New Designator=C204
Change Component Designator: Old Designator=C? New Designator=C205
Change Component Designator: Old Designator=D? New Designator=D200
Change Component Designator: Old Designator=J? New Designator=J201
Change Component Designator: Old Designator=J? New Designator=J203
Change Component Designator: Old Designator=J? New Designator=J205
Change Component Designator: Old Designator=J? New Designator=J207
Change Component Designator: Old Designator=J? New Designator=J209
Change Component Designator: Old Designator=J? New Designator=J211
Change Component Designator: Old Designator=J? New Designator=J213
Change Component Designator: Old Designator=J? New Designator=J215
Change Component Designator: Old Designator=J? New Designator=J217
Change Component Designator: Old Designator=J? New Designator=J219
Change Component Designator: Old Designator=J? New Designator=J221
Change Component Designator: Old Designator=J? New Designator=J222
Change Component Designator: Old Designator=J? New Designator=J223
Change Component Designator: Old Designator=J? New Designator=J224
Change Component Designator: Old Designator=J? New Designator=J225
Change Component Designator: Old Designator=J? New Designator=J226
Change Component Designator: Old Designator=J? New Designator=J227
Change Component Designator: Old Designator=J? New Designator=J228
Change Component Designator: Old Designator=J? New Designator=J229
Change Component Designator: Old Designator=J? New Designator=J230
Change Component Designator: Old Designator=J? New Designator=J231
Change Component Designator: Old Designator=J? New Designator=J232
Change Component Designator: Old Designator=J? New Designator=J233
Change Component Designator: Old Designator=J? New Designator=J234
Change Component Designator: Old Designator=J? New Designator=J235
Change Component Designator: Old Designator=J? New Designator=J236
Change Component Designator: Old Designator=J? New Designator=J237
Change Component Designator: Old Designator=J? New Designator=J238
Change Component Designator: Old Designator=J? New Designator=J239
Change Component Designator: Old Designator=J? New Designator=J240
Change Component Designator: Old Designator=J? New Designator=J241
Change Component Designator: Old Designator=J? New Designator=J242
Change Component Designator: Old Designator=J? New Designator=J243
Change Component Designator: Old Designator=M? New Designator=M200
Change Component Designator: Old Designator=R? New Designator=R200
Change Component Designator: Old Designator=R? New Designator=R201
Change Component Designator: Old Designator=R? New Designator=R202
Change Component Designator: Old Designator=R? New Designator=R203
Change Component Designator: Old Designator=R? New Designator=R204
Change Component Designator: Old Designator=R? New Designator=R205
Change Component Designator: Old Designator=R? New Designator=R206
Change Component Designator: Old Designator=R? New Designator=R207
Change Component Designator: Old Designator=R? New Designator=R208
Change Component Designator: Old Designator=R? New Designator=R209
Change Component Designator: Old Designator=R? New Designator=R210
Change Component Designator: Old Designator=R? New Designator=R211
Change Component Designator: Old Designator=R? New Designator=R212
Change Component Designator: Old Designator=R? New Designator=R213
Change Component Designator: Old Designator=R? New Designator=R214
Change Component Designator: Old Designator=R? New Designator=R215
Change Component Designator: Old Designator=R? New Designator=R216
Change Component Designator: Old Designator=R? New Designator=R217
Change Component Designator: Old Designator=R? New Designator=R218
