Change Component Designator: Old Designator=C? New Designator=C300
Change Component Designator: Old Designator=C? New Designator=C301
Change Component Designator: Old Designator=C? New Designator=C302
Change Component Designator: Old Designator=C? New Designator=C303
Change Component Designator: Old Designator=C? New Designator=C304
Change Component Designator: Old Designator=C? New Designator=C305
Change Component Designator: Old Designator=C? New Designator=C306
Change Component Designator: Old Designator=C? New Designator=C307
Change Component Designator: Old Designator=C? New Designator=C308
Change Component Designator: Old Designator=C? New Designator=C309
Change Component Designator: Old Designator=C? New Designator=C310
Change Component Designator: Old Designator=C? New Designator=C311
Change Component Designator: Old Designator=C? New Designator=C312
Change Component Designator: Old Designator=C? New Designator=C313
Change Component Designator: Old Designator=C? New Designator=C314
Change Component Designator: Old Designator=C? New Designator=C315
Change Component Designator: Old Designator=C? New Designator=C316
Change Component Designator: Old Designator=D? New Designator=D300
Change Component Designator: Old Designator=D? New Designator=D301
Change Component Designator: Old Designator=H? New Designator=H300
Change Component Designator: Old Designator=P? New Designator=P300
Change Component Designator: Old Designator=P? New Designator=P301
Change Component Designator: Old Designator=P? New Designator=P302
Change Component Designator: Old Designator=P? New Designator=P303
Change Component Designator: Old Designator=R? New Designator=R300
Change Component Designator: Old Designator=R? New Designator=R301
Change Component Designator: Old Designator=R? New Designator=R302
Change Component Designator: Old Designator=R? New Designator=R303
Change Component Designator: Old Designator=R? New Designator=R304
Change Component Designator: Old Designator=R? New Designator=R305
Change Component Designator: Old Designator=R? New Designator=R306
Change Component Designator: Old Designator=R? New Designator=R307
Change Component Designator: Old Designator=R? New Designator=R308
Change Component Designator: Old Designator=R? New Designator=R309
Change Component Designator: Old Designator=R? New Designator=R310
Change Component Designator: Old Designator=R? New Designator=R311
Change Component Designator: Old Designator=R? New Designator=R312
Change Component Designator: Old Designator=R? New Designator=R313
Change Component Designator: Old Designator=R? New Designator=R314
Change Component Designator: Old Designator=R? New Designator=R315
Change Component Designator: Old Designator=R? New Designator=R316
Change Component Designator: Old Designator=R? New Designator=R317
Change Component Designator: Old Designator=U? New Designator=U300
Change Component Designator: Old Designator=U? New Designator=U301
Change Component Designator: Old Designator=U? New Designator=U302
Change Component Designator: Old Designator=U? New Designator=U303
Change Component Designator: Old Designator=U? New Designator=U304
