Change Component Designator: Old Designator=C? New Designator=C400
Change Component Designator: Old Designator=C? New Designator=C401
Change Component Designator: Old Designator=C? New Designator=C402
Change Component Designator: Old Designator=C? New Designator=C403
Change Component Designator: Old Designator=C? New Designator=C404
Change Component Designator: Old Designator=C? New Designator=C405
Change Component Designator: Old Designator=C? New Designator=C406
Change Component Designator: Old Designator=D? New Designator=D400
Change Component Designator: Old Designator=D? New Designator=D401
Change Component Designator: Old Designator=F? New Designator=F400
Change Component Designator: Old Designator=H? New Designator=H400
Change Component Designator: Old Designator=H? New Designator=H401
Change Component Designator: Old Designator=IC? New Designator=IC400
Change Component Designator: Old Designator=IC? New Designator=IC401
Change Component Designator: Old Designator=P? New Designator=P400
Change Component Designator: Old Designator=P? New Designator=P401
Change Component Designator: Old Designator=P? New Designator=P402
Change Component Designator: Old Designator=P? New Designator=P403
Change Component Designator: Old Designator=P? New Designator=P404
Change Component Designator: Old Designator=P? New Designator=P405
Change Component Designator: Old Designator=R? New Designator=R400
Change Component Designator: Old Designator=R? New Designator=R401
Change Component Designator: Old Designator=R? New Designator=R402
Change Component Designator: Old Designator=R? New Designator=R403
Change Component Designator: Old Designator=R? New Designator=R404
Change Component Designator: Old Designator=R? New Designator=R405
Change Component Designator: Old Designator=R? New Designator=R406
Change Component Designator: Old Designator=R? New Designator=R407
Change Component Designator: Old Designator=R? New Designator=R408
Change Component Designator: Old Designator=R? New Designator=R409
Change Component Designator: Old Designator=R? New Designator=R410
Change Component Designator: Old Designator=R? New Designator=R411
Change Component Designator: Old Designator=R? New Designator=R412
Change Component Designator: Old Designator=R? New Designator=R413
Change Component Designator: Old Designator=U? New Designator=U400
